<?xml version="1.0" encoding="UTF-8"?>
<testng-results ignored="0" total="4" passed="4" failed="0" skipped="0">
  <reporter-output>
  </reporter-output>
  <suite started-at="2026-04-21T15:32:17 IST" name="Surefire suite" finished-at="2026-04-21T15:33:46 IST" duration-ms="88691">
    <groups>
      <group name="cucumber">
        <method signature="AbstractTestNGCucumberTests.runScenario(io.cucumber.testng.PickleWrapper,io.cucumber.testng.FeatureWrapper)[pri:0, instance:runners.TestRunner@4f80542f]" name="runScenario" class="io.cucumber.testng.AbstractTestNGCucumberTests"/>
      </group> <!-- cucumber -->
    </groups>
    <test started-at="2026-04-21T15:32:17 IST" name="Surefire test" finished-at="2026-04-21T15:33:46 IST" duration-ms="88691">
      <class name="runners.TestRunner">
        <test-method is-config="true" signature="setUpClass(org.testng.ITestContext)[pri:0, instance:runners.TestRunner@4f80542f]" started-at="2026-04-21T15:32:17 IST" name="setUpClass" finished-at="2026-04-21T15:32:18 IST" duration-ms="1152" status="PASS">
          <params>
            <param index="0">
              <value>
                <![CDATA[org.testng.TestRunner@3b7c58e7]]>
              </value>
            </param>
          </params>
          <reporter-output>
          </reporter-output>
        </test-method> <!-- setUpClass -->
        <test-method signature="runScenario(io.cucumber.testng.PickleWrapper,io.cucumber.testng.FeatureWrapper)[pri:0, instance:runners.TestRunner@4f80542f]" started-at="2026-04-21T15:32:18 IST" name="runScenario" description="Runs Cucumber Scenarios" data-provider="scenarios" finished-at="2026-04-21T15:32:36 IST" duration-ms="17711" status="PASS">
          <params>
            <param index="0">
              <value>
                <![CDATA["Login with user tomsmith"]]>
              </value>
            </param>
            <param index="1">
              <value>
                <![CDATA["Herokuapp Login"]]>
              </value>
            </param>
          </params>
          <reporter-output>
          </reporter-output>
        </test-method> <!-- runScenario -->
        <test-method signature="runScenario(io.cucumber.testng.PickleWrapper,io.cucumber.testng.FeatureWrapper)[pri:0, instance:runners.TestRunner@4f80542f]" started-at="2026-04-21T15:32:36 IST" name="runScenario" description="Runs Cucumber Scenarios" data-provider="scenarios" finished-at="2026-04-21T15:32:51 IST" duration-ms="14617" status="PASS">
          <params>
            <param index="0">
              <value>
                <![CDATA["Login with user wronguser"]]>
              </value>
            </param>
            <param index="1">
              <value>
                <![CDATA["Herokuapp Login"]]>
              </value>
            </param>
          </params>
          <reporter-output>
          </reporter-output>
        </test-method> <!-- runScenario -->
        <test-method signature="runScenario(io.cucumber.testng.PickleWrapper,io.cucumber.testng.FeatureWrapper)[pri:0, instance:runners.TestRunner@4f80542f]" started-at="2026-04-21T15:32:51 IST" name="runScenario" description="Runs Cucumber Scenarios" data-provider="scenarios" finished-at="2026-04-21T15:33:03 IST" duration-ms="11811" status="PASS">
          <params>
            <param index="0">
              <value>
                <![CDATA["Login with user vinod"]]>
              </value>
            </param>
            <param index="1">
              <value>
                <![CDATA["Herokuapp Login"]]>
              </value>
            </param>
          </params>
          <reporter-output>
          </reporter-output>
        </test-method> <!-- runScenario -->
        <test-method signature="runScenario(io.cucumber.testng.PickleWrapper,io.cucumber.testng.FeatureWrapper)[pri:0, instance:runners.TestRunner@4f80542f]" started-at="2026-04-21T15:33:03 IST" name="runScenario" description="Runs Cucumber Scenarios" data-provider="scenarios" finished-at="2026-04-21T15:33:46 IST" duration-ms="43321" status="PASS">
          <params>
            <param index="0">
              <value>
                <![CDATA["Execute login for all users and run performance test"]]>
              </value>
            </param>
            <param index="1">
              <value>
                <![CDATA["Login Automation with Excel and Performance Test"]]>
              </value>
            </param>
          </params>
          <reporter-output>
          </reporter-output>
        </test-method> <!-- runScenario -->
        <test-method is-config="true" signature="tearDownClass()[pri:0, instance:runners.TestRunner@4f80542f]" started-at="2026-04-21T15:33:46 IST" name="tearDownClass" finished-at="2026-04-21T15:33:46 IST" duration-ms="3" status="PASS">
          <reporter-output>
          </reporter-output>
        </test-method> <!-- tearDownClass -->
      </class> <!-- runners.TestRunner -->
    </test> <!-- Surefire test -->
  </suite> <!-- Surefire suite -->
</testng-results>
