<?xml version="1.0" encoding="UTF-8"?>
<!-- Generated by org.testng.reporters.JUnitReportReporter -->
<testsuite hostname="Psycho" failures="0" tests="4" name="runners.TestRunner" time="87.460" errors="0" timestamp="2026-04-21T15:33:46 IST" skipped="0">
  <testcase classname="runners.TestRunner" name="runScenario" time="17.711"/>
  <testcase classname="runners.TestRunner" name="runScenario" time="14.617"/>
  <testcase classname="runners.TestRunner" name="runScenario" time="43.321"/>
  <testcase classname="runners.TestRunner" name="runScenario" time="11.811"/>
</testsuite> <!-- runners.TestRunner -->
